<?xml version="1.0" encoding="UTF-8"?>
<!-- Generated by org.testng.reporters.JUnitReportReporter -->
<testsuite hostname="Omar-Khaled-Mohamed" failures="0" tests="1" name="tests.NewTest" time="0.005" errors="0" timestamp="2021-09-18T12:58:51 EET" skipped="0">
  <testcase classname="tests.NewTest" name="f" time="0.005"/>
  <system-out/>
</testsuite> <!-- tests.NewTest -->
