<?xml version="1.0" encoding="UTF-8"?>
<!-- Generated by org.testng.reporters.JUnitReportReporter -->
<testsuite hostname="Omar-Khaled-Mohamed" failures="0" tests="1" name="tests.UserLoginTest2" time="1.387" errors="0" timestamp="2021-09-22T15:44:32 EET" skipped="0">
  <testcase classname="tests.UserLoginTest2" name="UserCanLoginSuccessfuly" time="1.387"/>
  <system-out/>
</testsuite> <!-- tests.UserLoginTest2 -->
