<?xml version="1.0" encoding="UTF-8"?>
<!-- Generated by org.testng.reporters.JUnitReportReporter -->
<testsuite hostname="Omar-Khaled-Mohamed" failures="0" tests="2" name="tests.HomeTest" time="3.199" errors="0" timestamp="2021-10-19T20:36:37 EET" skipped="0">
  <testcase classname="tests.HomeTest" name="UserPageOpenSuccessfully" time="2.570"/>
  <system-out/>
  <testcase classname="tests.HomeTest" name="AddUserPageOpenSuccessfully" time="0.629"/>
  <system-out/>
</testsuite> <!-- tests.HomeTest -->
