<?xml version="1.0" encoding="UTF-8"?>
<!-- Generated by org.testng.reporters.JUnitReportReporter -->
<testsuite hostname="Omar-Khaled-Mohamed" failures="0" tests="1" name="tests.UserLoginTest" time="2.026" errors="0" timestamp="2021-10-19T20:36:37 EET" skipped="0">
  <testcase classname="tests.UserLoginTest" name="UserCanLoginSuccessfuly" time="2.026"/>
  <system-out/>
</testsuite> <!-- tests.UserLoginTest -->
